<?xml version="1.0" encoding="UTF-8"?>
<testng-results ignored="0" total="1" passed="1" failed="0" skipped="0">
  <reporter-output>
  </reporter-output>
  <suite started-at="2023-03-12T10:53:52 IST" name="Suite" finished-at="2023-03-12T10:54:14 IST" duration-ms="22210">
    <groups>
    </groups>
    <test started-at="2023-03-12T10:53:52 IST" name="Test" finished-at="2023-03-12T10:54:14 IST" duration-ms="22210">
      <class name="Demo.DemoTestNG">
        <test-method signature="openbrowser()[pri:1, instance:Demo.DemoTestNG@5ba3f27a]" started-at="2023-03-12T10:53:52 IST" name="openbrowser" finished-at="2023-03-12T10:54:14 IST" duration-ms="21982" status="PASS">
          <reporter-output>
          </reporter-output>
        </test-method> <!-- openbrowser -->
      </class> <!-- Demo.DemoTestNG -->
    </test> <!-- Test -->
  </suite> <!-- Suite -->
</testng-results>
